
> remo@0.1.0 build
> next build

▲ Next.js 16.1.6 (Turbopack)

  Creating an optimized production build ...
✓ Compiled successfully in 9.3s
  Running TypeScript ...
  Collecting page data using 1 worker ...
  Generating static pages using 1 worker (0/7) ...
  Generating static pages using 1 worker (1/7) 
  Generating static pages using 1 worker (3/7) 
  Generating static pages using 1 worker (5/7) 
✓ Generating static pages using 1 worker (7/7) in 1138.8ms
  Finalizing page optimization ...

Route (app)
┌ ƒ /
├ ○ /_not-found
├ ƒ /api/trpc/[trpc]
├ ○ /org-selection
├ ƒ /sign-in/[[...sign-in]]
├ ƒ /sign-up/[[...sign-up]]
├ ƒ /test
└ ƒ /text-to-speech


ƒ Proxy (Middleware)

○  (Static)   prerendered as static content
ƒ  (Dynamic)  server-rendered on demand

